<?xml version="1.0" encoding="UTF-8"?>
<coverage generated="1746991067032" clover="3.2.0">
  <project timestamp="1746991067032" name="All files">
    <metrics statements="55" coveredstatements="50" conditionals="37" coveredconditionals="20" methods="11" coveredmethods="8" elements="103" coveredelements="78" complexity="0" loc="55" ncloc="55" packages="3" files="4" classes="4"/>
    <package name="components">
      <metrics statements="33" coveredstatements="28" conditionals="34" coveredconditionals="18" methods="9" coveredmethods="6"/>
      <file name="json-viewer.tsx" path="/home/michael/dev/vibe/fake-gui/components/json-viewer.tsx">
        <metrics statements="33" coveredstatements="28" conditionals="34" coveredconditionals="18" methods="9" coveredmethods="6"/>
        <line num="5" count="1" type="stmt"/>
        <line num="6" count="1" type="stmt"/>
        <line num="7" count="1" type="stmt"/>
        <line num="8" count="1" type="stmt"/>
        <line num="15" count="3" type="stmt"/>
        <line num="16" count="5" type="stmt"/>
        <line num="17" count="5" type="stmt"/>
        <line num="18" count="5" type="stmt"/>
        <line num="20" count="5" type="stmt"/>
        <line num="22" count="5" type="stmt"/>
        <line num="23" count="0" type="stmt"/>
        <line num="24" count="0" type="stmt"/>
        <line num="25" count="0" type="stmt"/>
        <line num="28" count="5" type="stmt"/>
        <line num="29" count="2" type="stmt"/>
        <line num="30" count="2" type="stmt"/>
        <line num="72" count="21" type="stmt"/>
        <line num="75" count="21" type="stmt"/>
        <line num="78" count="14" type="cond" truecount="2" falsecount="0"/>
        <line num="81" count="21" type="stmt"/>
        <line num="82" count="2" type="stmt"/>
        <line num="84" count="2" type="cond" truecount="1" falsecount="0"/>
        <line num="85" count="2" type="stmt"/>
        <line num="89" count="21" type="cond" truecount="0" falsecount="1"/>
        <line num="93" count="21" type="cond" truecount="0" falsecount="1"/>
        <line num="97" count="21" type="cond" truecount="1" falsecount="0"/>
        <line num="101" count="20" type="cond" truecount="1" falsecount="0"/>
        <line num="105" count="15" type="cond" truecount="0" falsecount="1"/>
        <line num="106" count="0" type="cond" truecount="0" falsecount="1"/>
        <line num="131" count="0" type="stmt"/>
        <line num="146" count="15" type="stmt"/>
        <line num="147" count="15" type="cond" truecount="0" falsecount="1"/>
        <line num="171" count="11" type="stmt"/>
      </file>
    </package>
    <package name="components.ui">
      <metrics statements="18" coveredstatements="18" conditionals="3" coveredconditionals="2" methods="1" coveredmethods="1"/>
      <file name="button.tsx" path="/home/michael/dev/vibe/fake-gui/components/ui/button.tsx">
        <metrics statements="9" coveredstatements="9" conditionals="3" coveredconditionals="2" methods="1" coveredmethods="1"/>
        <line num="1" count="1" type="stmt"/>
        <line num="2" count="1" type="stmt"/>
        <line num="3" count="1" type="stmt"/>
        <line num="5" count="1" type="stmt"/>
        <line num="7" count="1" type="stmt"/>
        <line num="42" count="1" type="stmt"/>
        <line num="44" count="10" type="cond" truecount="1" falsecount="1"/>
        <line num="54" count="1" type="stmt"/>
        <line num="56" count="10" type="stmt"/>
      </file>
      <file name="card.tsx" path="/home/michael/dev/vibe/fake-gui/components/ui/card.tsx">
        <metrics statements="9" coveredstatements="9" conditionals="0" coveredconditionals="0" methods="0" coveredmethods="0"/>
        <line num="1" count="1" type="stmt"/>
        <line num="3" count="1" type="stmt"/>
        <line num="18" count="1" type="stmt"/>
        <line num="30" count="1" type="stmt"/>
        <line num="45" count="1" type="stmt"/>
        <line num="57" count="1" type="stmt"/>
        <line num="65" count="1" type="stmt"/>
        <line num="77" count="1" type="stmt"/>
        <line num="79" count="5" type="stmt"/>
      </file>
    </package>
    <package name="lib">
      <metrics statements="4" coveredstatements="4" conditionals="0" coveredconditionals="0" methods="1" coveredmethods="1"/>
      <file name="utils.ts" path="/home/michael/dev/vibe/fake-gui/lib/utils.ts">
        <metrics statements="4" coveredstatements="4" conditionals="0" coveredconditionals="0" methods="1" coveredmethods="1"/>
        <line num="1" count="1" type="stmt"/>
        <line num="2" count="1" type="stmt"/>
        <line num="4" count="15" type="stmt"/>
        <line num="5" count="15" type="stmt"/>
      </file>
    </package>
  </project>
</coverage>
