{"/home/michael/dev/vibe/fake-gui/components/json-viewer.tsx": {"path":"/home/michael/dev/vibe/fake-gui/components/json-viewer.tsx","statementMap":{"0":{"start":{"line":15,"column":16},"end":{"line":15,"column":27}},"1":{"start":{"line":5,"column":36},"end":{"line":5,"column":null}},"2":{"start":{"line":6,"column":21},"end":{"line":6,"column":null}},"3":{"start":{"line":7,"column":23},"end":{"line":7,"column":null}},"4":{"start":{"line":8,"column":61},"end":{"line":8,"column":null}},"5":{"start":{"line":16,"column":30},"end":{"line":16,"column":null}},"6":{"start":{"line":17,"column":36},"end":{"line":17,"column":null}},"7":{"start":{"line":18,"column":24},"end":{"line":18,"column":null}},"8":{"start":{"line":20,"column":2},"end":{"line":20,"column":null}},"9":{"start":{"line":22,"column":26},"end":{"line":26,"column":null}},"10":{"start":{"line":23,"column":4},"end":{"line":23,"column":null}},"11":{"start":{"line":24,"column":4},"end":{"line":24,"column":null}},"12":{"start":{"line":25,"column":4},"end":{"line":25,"column":null}},"13":{"start":{"line":25,"column":21},"end":{"line":25,"column":39}},"14":{"start":{"line":28,"column":26},"end":{"line":31,"column":null}},"15":{"start":{"line":29,"column":4},"end":{"line":29,"column":null}},"16":{"start":{"line":30,"column":4},"end":{"line":30,"column":null}},"17":{"start":{"line":72,"column":38},"end":{"line":72,"column":null}},"18":{"start":{"line":75,"column":2},"end":{"line":79,"column":null}},"19":{"start":{"line":78,"column":4},"end":{"line":78,"column":null}},"20":{"start":{"line":81,"column":23},"end":{"line":87,"column":null}},"21":{"start":{"line":82,"column":4},"end":{"line":82,"column":null}},"22":{"start":{"line":84,"column":4},"end":{"line":86,"column":null}},"23":{"start":{"line":85,"column":6},"end":{"line":85,"column":null}},"24":{"start":{"line":89,"column":2},"end":{"line":91,"column":null}},"25":{"start":{"line":93,"column":2},"end":{"line":95,"column":null}},"26":{"start":{"line":97,"column":2},"end":{"line":99,"column":null}},"27":{"start":{"line":101,"column":2},"end":{"line":103,"column":null}},"28":{"start":{"line":105,"column":2},"end":{"line":143,"column":null}},"29":{"start":{"line":106,"column":4},"end":{"line":108,"column":null}},"30":{"start":{"line":131,"column":14},"end":{"line":131,"column":31}},"31":{"start":{"line":146,"column":15},"end":{"line":146,"column":null}},"32":{"start":{"line":147,"column":2},"end":{"line":149,"column":null}},"33":{"start":{"line":171,"column":12},"end":{"line":171,"column":27}}},"fnMap":{"0":{"name":"JsonViewer","decl":{"start":{"line":15,"column":16},"end":{"line":15,"column":27}},"loc":{"start":{"line":15,"column":52},"end":{"line":59,"column":null}}},"1":{"name":"(anonymous_2)","decl":{"start":{"line":22,"column":26},"end":{"line":22,"column":null}},"loc":{"start":{"line":22,"column":26},"end":{"line":26,"column":null}}},"2":{"name":"(anonymous_3)","decl":{"start":{"line":25,"column":15},"end":{"line":25,"column":21}},"loc":{"start":{"line":25,"column":21},"end":{"line":25,"column":39}}},"3":{"name":"(anonymous_4)","decl":{"start":{"line":28,"column":26},"end":{"line":28,"column":null}},"loc":{"start":{"line":28,"column":26},"end":{"line":31,"column":null}}},"4":{"name":"JsonNode","decl":{"start":{"line":70,"column":9},"end":{"line":70,"column":18}},"loc":{"start":{"line":70,"column":82},"end":{"line":185,"column":null}}},"5":{"name":"(anonymous_6)","decl":{"start":{"line":75,"column":12},"end":{"line":75,"column":null}},"loc":{"start":{"line":75,"column":12},"end":{"line":79,"column":5}}},"6":{"name":"(anonymous_7)","decl":{"start":{"line":81,"column":23},"end":{"line":81,"column":24}},"loc":{"start":{"line":81,"column":24},"end":{"line":87,"column":null}}},"7":{"name":"(anonymous_8)","decl":{"start":{"line":130,"column":22},"end":{"line":130,"column":23}},"loc":{"start":{"line":131,"column":14},"end":{"line":131,"column":31}}},"8":{"name":"(anonymous_9)","decl":{"start":{"line":170,"column":20},"end":{"line":170,"column":21}},"loc":{"start":{"line":171,"column":12},"end":{"line":171,"column":27}}}},"branchMap":{"0":{"loc":{"start":{"line":41,"column":17},"end":{"line":41,"column":null}},"type":"cond-expr","locations":[{"start":{"line":41,"column":29},"end":{"line":41,"column":46}},{"start":{"line":41,"column":46},"end":{"line":41,"column":null}}]},"1":{"loc":{"start":{"line":43,"column":23},"end":{"line":43,"column":57}},"type":"cond-expr","locations":[{"start":{"line":43,"column":23},"end":{"line":43,"column":57}}]},"2":{"loc":{"start":{"line":44,"column":37},"end":{"line":44,"column":null}},"type":"cond-expr","locations":[{"start":{"line":44,"column":49},"end":{"line":44,"column":66}},{"start":{"line":44,"column":66},"end":{"line":44,"column":null}}]},"3":{"loc":{"start":{"line":51,"column":7},"end":{"line":51,"column":null}},"type":"binary-expr","locations":[{"start":{"line":51,"column":7},"end":{"line":51,"column":null}}]},"4":{"loc":{"start":{"line":70,"column":32},"end":{"line":70,"column":46}},"type":"default-arg","locations":[{"start":{"line":70,"column":41},"end":{"line":70,"column":46}}]},"5":{"loc":{"start":{"line":70,"column":48},"end":{"line":70,"column":65}},"type":"default-arg","locations":[{"start":{"line":70,"column":60},"end":{"line":70,"column":65}}]},"6":{"loc":{"start":{"line":78,"column":18},"end":{"line":78,"column":null}},"type":"binary-expr","locations":[{"start":{"line":78,"column":18},"end":{"line":78,"column":31}},{"start":{"line":78,"column":31},"end":{"line":78,"column":null}}]},"7":{"loc":{"start":{"line":84,"column":4},"end":{"line":86,"column":null}},"type":"if","locations":[{"start":{"line":84,"column":4},"end":{"line":86,"column":null}}]},"8":{"loc":{"start":{"line":89,"column":2},"end":{"line":91,"column":null}},"type":"if","locations":[{"start":{"line":89,"column":2},"end":{"line":91,"column":null}}]},"9":{"loc":{"start":{"line":93,"column":2},"end":{"line":95,"column":null}},"type":"if","locations":[{"start":{"line":93,"column":2},"end":{"line":95,"column":null}}]},"10":{"loc":{"start":{"line":94,"column":46},"end":{"line":94,"column":null}},"type":"cond-expr","locations":[{"start":{"line":94,"column":53},"end":{"line":94,"column":62}},{"start":{"line":94,"column":62},"end":{"line":94,"column":null}}]},"11":{"loc":{"start":{"line":97,"column":2},"end":{"line":99,"column":null}},"type":"if","locations":[{"start":{"line":97,"column":2},"end":{"line":99,"column":null}}]},"12":{"loc":{"start":{"line":101,"column":2},"end":{"line":103,"column":null}},"type":"if","locations":[{"start":{"line":101,"column":2},"end":{"line":103,"column":null}}]},"13":{"loc":{"start":{"line":105,"column":2},"end":{"line":143,"column":null}},"type":"if","locations":[{"start":{"line":105,"column":2},"end":{"line":143,"column":null}}]},"14":{"loc":{"start":{"line":106,"column":4},"end":{"line":108,"column":null}},"type":"if","locations":[{"start":{"line":106,"column":4},"end":{"line":108,"column":null}}]},"15":{"loc":{"start":{"line":114,"column":12},"end":{"line":116,"column":13}},"type":"cond-expr","locations":[{"start":{"line":114,"column":12},"end":{"line":116,"column":13}}]},"16":{"loc":{"start":{"line":119,"column":11},"end":{"line":119,"column":null}},"type":"binary-expr","locations":[{"start":{"line":119,"column":11},"end":{"line":119,"column":null}}]},"17":{"loc":{"start":{"line":121,"column":29},"end":{"line":121,"column":null}},"type":"cond-expr","locations":[{"start":{"line":121,"column":49},"end":{"line":121,"column":58}},{"start":{"line":121,"column":58},"end":{"line":121,"column":null}}]},"18":{"loc":{"start":{"line":124,"column":11},"end":{"line":124,"column":26}},"type":"binary-expr","locations":[{"start":{"line":124,"column":11},"end":{"line":124,"column":26}}]},"19":{"loc":{"start":{"line":127,"column":9},"end":{"line":127,"column":null}},"type":"binary-expr","locations":[{"start":{"line":127,"column":9},"end":{"line":127,"column":null}}]},"20":{"loc":{"start":{"line":134,"column":19},"end":{"line":134,"column":46}},"type":"binary-expr","locations":[{"start":{"line":134,"column":19},"end":{"line":134,"column":46}}]},"21":{"loc":{"start":{"line":147,"column":2},"end":{"line":149,"column":null}},"type":"if","locations":[{"start":{"line":147,"column":2},"end":{"line":149,"column":null}}]},"22":{"loc":{"start":{"line":155,"column":10},"end":{"line":157,"column":11}},"type":"cond-expr","locations":[{"start":{"line":155,"column":10},"end":{"line":157,"column":11}}]},"23":{"loc":{"start":{"line":160,"column":9},"end":{"line":160,"column":null}},"type":"binary-expr","locations":[{"start":{"line":160,"column":9},"end":{"line":160,"column":null}}]},"24":{"loc":{"start":{"line":162,"column":27},"end":{"line":162,"column":null}},"type":"cond-expr","locations":[{"start":{"line":162,"column":47},"end":{"line":162,"column":60}},{"start":{"line":162,"column":60},"end":{"line":162,"column":null}}]},"25":{"loc":{"start":{"line":165,"column":9},"end":{"line":165,"column":24}},"type":"binary-expr","locations":[{"start":{"line":165,"column":9},"end":{"line":165,"column":24}}]},"26":{"loc":{"start":{"line":168,"column":7},"end":{"line":168,"column":null}},"type":"binary-expr","locations":[{"start":{"line":168,"column":7},"end":{"line":168,"column":null}}]},"27":{"loc":{"start":{"line":176,"column":17},"end":{"line":176,"column":44}},"type":"binary-expr","locations":[{"start":{"line":176,"column":17},"end":{"line":176,"column":44}}]}},"s":{"0":3,"1":1,"2":1,"3":1,"4":1,"5":5,"6":5,"7":5,"8":5,"9":5,"10":0,"11":0,"12":0,"13":0,"14":5,"15":2,"16":2,"17":21,"18":21,"19":14,"20":21,"21":2,"22":2,"23":2,"24":21,"25":21,"26":21,"27":20,"28":15,"29":0,"30":0,"31":15,"32":15,"33":11},"f":{"0":5,"1":0,"2":0,"3":2,"4":21,"5":14,"6":2,"7":0,"8":11},"b":{"0":[1,4],"1":[1],"2":[1,4],"3":[5],"4":[15],"5":[0],"6":[14,11],"7":[2],"8":[0],"9":[0],"10":[0,0],"11":[1],"12":[5],"13":[0],"14":[0],"15":[0],"16":[0],"17":[0,0],"18":[0],"19":[0],"20":[0],"21":[0],"22":[10],"23":[15],"24":[5,0],"25":[15],"26":[15],"27":[11]}}
,"/home/michael/dev/vibe/fake-gui/components/ui/button.tsx": {"path":"/home/michael/dev/vibe/fake-gui/components/ui/button.tsx","statementMap":{"0":{"start":{"line":56,"column":9},"end":{"line":56,"column":15}},"1":{"start":{"line":56,"column":17},"end":{"line":56,"column":31}},"2":{"start":{"line":1,"column":23},"end":{"line":1,"column":null}},"3":{"start":{"line":2,"column":21},"end":{"line":2,"column":null}},"4":{"start":{"line":3,"column":39},"end":{"line":3,"column":null}},"5":{"start":{"line":5,"column":19},"end":{"line":5,"column":null}},"6":{"start":{"line":7,"column":23},"end":{"line":33,"column":null}},"7":{"start":{"line":42,"column":15},"end":{"line":52,"column":null}},"8":{"start":{"line":44,"column":17},"end":{"line":44,"column":null}},"9":{"start":{"line":54,"column":0},"end":{"line":54,"column":null}}},"fnMap":{"0":{"name":"(anonymous_6)","decl":{"start":{"line":43,"column":2},"end":{"line":43,"column":3}},"loc":{"start":{"line":43,"column":60},"end":{"line":52,"column":null}}}},"branchMap":{"0":{"loc":{"start":{"line":43,"column":31},"end":{"line":43,"column":46}},"type":"default-arg","locations":[{"start":{"line":43,"column":41},"end":{"line":43,"column":46}}]},"1":{"loc":{"start":{"line":44,"column":17},"end":{"line":44,"column":null}},"type":"cond-expr","locations":[{"start":{"line":44,"column":27},"end":{"line":44,"column":31}},{"start":{"line":44,"column":34},"end":{"line":44,"column":null}}]}},"s":{"0":10,"1":0,"2":1,"3":1,"4":1,"5":1,"6":1,"7":1,"8":10,"9":1},"f":{"0":10},"b":{"0":[10],"1":[0,10]}}
,"/home/michael/dev/vibe/fake-gui/components/ui/card.tsx": {"path":"/home/michael/dev/vibe/fake-gui/components/ui/card.tsx","statementMap":{"0":{"start":{"line":79,"column":9},"end":{"line":79,"column":13}},"1":{"start":{"line":79,"column":67},"end":{"line":79,"column":78}},"2":{"start":{"line":79,"column":50},"end":{"line":79,"column":65}},"3":{"start":{"line":79,"column":27},"end":{"line":79,"column":37}},"4":{"start":{"line":79,"column":15},"end":{"line":79,"column":25}},"5":{"start":{"line":79,"column":39},"end":{"line":79,"column":48}},"6":{"start":{"line":1,"column":23},"end":{"line":1,"column":null}},"7":{"start":{"line":3,"column":19},"end":{"line":3,"column":null}},"8":{"start":{"line":18,"column":0},"end":{"line":18,"column":null}},"9":{"start":{"line":30,"column":0},"end":{"line":30,"column":null}},"10":{"start":{"line":45,"column":0},"end":{"line":45,"column":null}},"11":{"start":{"line":57,"column":0},"end":{"line":57,"column":null}},"12":{"start":{"line":65,"column":0},"end":{"line":65,"column":null}},"13":{"start":{"line":77,"column":0},"end":{"line":77,"column":null}}},"fnMap":{},"branchMap":{},"s":{"0":5,"1":0,"2":0,"3":0,"4":0,"5":0,"6":1,"7":1,"8":1,"9":1,"10":1,"11":1,"12":1,"13":1},"f":{},"b":{}}
,"/home/michael/dev/vibe/fake-gui/lib/utils.ts": {"path":"/home/michael/dev/vibe/fake-gui/lib/utils.ts","statementMap":{"0":{"start":{"line":4,"column":16},"end":{"line":4,"column":19}},"1":{"start":{"line":1,"column":38},"end":{"line":1,"column":null}},"2":{"start":{"line":2,"column":24},"end":{"line":2,"column":null}},"3":{"start":{"line":5,"column":2},"end":{"line":5,"column":null}}},"fnMap":{"0":{"name":"cn","decl":{"start":{"line":4,"column":16},"end":{"line":4,"column":19}},"loc":{"start":{"line":4,"column":42},"end":{"line":6,"column":null}}}},"branchMap":{},"s":{"0":15,"1":1,"2":1,"3":15},"f":{"0":15},"b":{}}
}
