TN:
SF:components/json-viewer.tsx
FN:15,JsonViewer
FN:22,(anonymous_2)
FN:25,(anonymous_3)
FN:28,(anonymous_4)
FN:70,JsonNode
FN:75,(anonymous_6)
FN:81,(anonymous_7)
FN:130,(anonymous_8)
FN:170,(anonymous_9)
FNF:9
FNH:6
FNDA:5,JsonViewer
FNDA:0,(anonymous_2)
FNDA:0,(anonymous_3)
FNDA:2,(anonymous_4)
FNDA:21,JsonNode
FNDA:14,(anonymous_6)
FNDA:2,(anonymous_7)
FNDA:0,(anonymous_8)
FNDA:11,(anonymous_9)
DA:5,1
DA:6,1
DA:7,1
DA:8,1
DA:15,3
DA:16,5
DA:17,5
DA:18,5
DA:20,5
DA:22,5
DA:23,0
DA:24,0
DA:25,0
DA:28,5
DA:29,2
DA:30,2
DA:72,21
DA:75,21
DA:78,14
DA:81,21
DA:82,2
DA:84,2
DA:85,2
DA:89,21
DA:93,21
DA:97,21
DA:101,20
DA:105,15
DA:106,0
DA:131,0
DA:146,15
DA:147,15
DA:171,11
LF:33
LH:28
BRDA:41,0,0,1
BRDA:41,0,1,4
BRDA:43,1,0,1
BRDA:44,2,0,1
BRDA:44,2,1,4
BRDA:51,3,0,5
BRDA:70,4,0,15
BRDA:70,5,0,0
BRDA:78,6,0,14
BRDA:78,6,1,11
BRDA:84,7,0,2
BRDA:89,8,0,0
BRDA:93,9,0,0
BRDA:94,10,0,0
BRDA:94,10,1,0
BRDA:97,11,0,1
BRDA:101,12,0,5
BRDA:105,13,0,0
BRDA:106,14,0,0
BRDA:114,15,0,0
BRDA:119,16,0,0
BRDA:121,17,0,0
BRDA:121,17,1,0
BRDA:124,18,0,0
BRDA:127,19,0,0
BRDA:134,20,0,0
BRDA:147,21,0,0
BRDA:155,22,0,10
BRDA:160,23,0,15
BRDA:162,24,0,5
BRDA:162,24,1,0
BRDA:165,25,0,15
BRDA:168,26,0,15
BRDA:176,27,0,11
BRF:34
BRH:18
end_of_record
TN:
SF:components/ui/button.tsx
FN:43,(anonymous_6)
FNF:1
FNH:1
FNDA:10,(anonymous_6)
DA:1,1
DA:2,1
DA:3,1
DA:5,1
DA:7,1
DA:42,1
DA:44,10
DA:54,1
DA:56,10
LF:9
LH:9
BRDA:43,0,0,10
BRDA:44,1,0,0
BRDA:44,1,1,10
BRF:3
BRH:2
end_of_record
TN:
SF:components/ui/card.tsx
FNF:0
FNH:0
DA:1,1
DA:3,1
DA:18,1
DA:30,1
DA:45,1
DA:57,1
DA:65,1
DA:77,1
DA:79,5
LF:9
LH:9
BRF:0
BRH:0
end_of_record
TN:
SF:lib/utils.ts
FN:4,cn
FNF:1
FNH:1
FNDA:15,cn
DA:1,1
DA:2,1
DA:4,15
DA:5,15
LF:4
LH:4
BRF:0
BRH:0
end_of_record
